TN:
SF:E:\sourceJS\almundo\api_rest\index.js
FN:7,(anonymous_0)
FNF:1
FNH:1
FNDA:1,(anonymous_0)
DA:3,1
DA:4,1
DA:5,1
DA:7,1
DA:9,1
DA:21,1
DA:22,1
DA:26,1
DA:28,1
DA:30,1
DA:32,1
LF:11
LH:11
BRDA:28,0,0,0
BRDA:28,0,1,1
BRF:2
BRH:1
end_of_record
TN:
SF:E:\sourceJS\almundo\api_rest\lib\db.js
FN:6,setupDB
FNF:1
FNH:1
FNDA:1,setupDB
DA:3,1
DA:4,1
DA:6,1
DA:7,1
DA:8,1
LF:5
LH:5
BRDA:7,0,0,1
BRDA:7,0,1,0
BRF:2
BRH:1
end_of_record
TN:
SF:E:\sourceJS\almundo\api_rest\models\hotel.js
FN:6,setupHotelModel
FNF:1
FNH:0
FNDA:0,setupHotelModel
DA:3,1
DA:4,1
DA:6,1
DA:7,0
DA:9,0
LF:5
LH:3
BRF:0
BRH:0
end_of_record
TN:
SF:E:\sourceJS\almundo\api_rest\tests\hotel-test.js
FN:8,(anonymous_4)
FN:15,(anonymous_5)
FN:20,(anonymous_6)
FN:25,(anonymous_7)
FN:29,(anonymous_8)
FNF:5
FNH:5
FNDA:1,(anonymous_4)
FNDA:1,(anonymous_5)
FNDA:1,(anonymous_6)
FNDA:1,(anonymous_7)
FNDA:1,(anonymous_8)
DA:3,1
DA:4,1
DA:5,1
DA:7,1
DA:11,1
DA:12,1
DA:13,1
DA:15,1
DA:16,1
DA:18,1
DA:19,1
DA:20,1
DA:22,1
DA:25,1
DA:26,1
DA:29,1
DA:30,1
LF:17
LH:17
BRDA:26,0,0,1
BRDA:26,0,1,1
BRF:2
BRH:2
end_of_record
