TN:
SF:E:\sourceJS\almundo\api_db\index.js
FN:8,(anonymous_0)
FNF:1
FNH:1
FNDA:5,(anonymous_0)
DA:3,5
DA:4,5
DA:5,5
DA:6,5
DA:8,5
DA:9,5
DA:21,5
DA:22,5
DA:24,5
DA:26,5
DA:28,5
DA:30,5
LF:12
LH:12
BRDA:26,0,0,0
BRDA:26,0,1,5
BRF:2
BRH:1
end_of_record
TN:
SF:E:\sourceJS\almundo\api_db\lib\db.js
FN:6,setupDB
FNF:1
FNH:1
FNDA:5,setupDB
DA:3,1
DA:4,1
DA:6,1
DA:7,5
DA:8,5
LF:5
LH:5
BRDA:7,0,0,1
BRDA:7,0,1,4
BRF:2
BRH:2
end_of_record
TN:
SF:E:\sourceJS\almundo\api_db\lib\hotel.js
FN:3,setupHotel
FN:4,createOrUpdate
FN:22,findById
FN:26,findAll
FN:30,findByName
FN:38,containsByName
FN:48,findByStars
FNF:7
FNH:4
FNDA:5,setupHotel
FNDA:2,createOrUpdate
FNDA:1,findById
FNDA:1,findAll
FNDA:0,findByName
FNDA:0,containsByName
FNDA:0,findByStars
DA:3,1
DA:5,2
DA:11,2
DA:13,2
DA:14,1
DA:15,1
DA:18,1
DA:19,1
DA:23,1
DA:27,1
DA:31,0
DA:39,0
DA:49,0
DA:58,5
LF:14
LH:11
BRDA:13,0,0,1
BRDA:13,0,1,1
BRDA:15,1,0,1
BRDA:15,1,1,0
BRF:4
BRH:3
end_of_record
TN:
SF:E:\sourceJS\almundo\api_db\models\hotel.js
FN:6,setupHotelModel
FNF:1
FNH:0
FNDA:0,setupHotelModel
DA:3,1
DA:4,1
DA:6,1
DA:7,0
DA:9,0
LF:5
LH:3
BRF:0
BRH:0
end_of_record
TN:
SF:E:\sourceJS\almundo\api_db\tests\hotel-test.js
FN:10,(anonymous_4)
FN:33,(anonymous_5)
FN:60,(anonymous_6)
FN:65,(anonymous_7)
FN:69,(anonymous_8)
FN:73,(anonymous_9)
FN:83,(anonymous_10)
FN:93,(anonymous_11)
FN:108,(anonymous_12)
FNF:9
FNH:9
FNDA:5,(anonymous_4)
FNDA:5,(anonymous_5)
FNDA:5,(anonymous_6)
FNDA:5,(anonymous_7)
FNDA:1,(anonymous_8)
FNDA:1,(anonymous_9)
FNDA:1,(anonymous_10)
FNDA:1,(anonymous_11)
FNDA:1,(anonymous_12)
DA:3,1
DA:4,1
DA:5,1
DA:7,1
DA:9,1
DA:13,1
DA:14,1
DA:15,1
DA:18,1
DA:21,1
DA:28,1
DA:29,1
DA:30,1
DA:31,1
DA:33,1
DA:34,5
DA:36,5
DA:39,5
DA:40,5
DA:43,5
DA:44,5
DA:47,5
DA:48,5
DA:51,5
DA:52,5
DA:55,5
DA:56,5
DA:57,5
DA:59,5
DA:60,5
DA:62,5
DA:65,1
DA:66,5
DA:69,1
DA:70,1
DA:73,3
DA:74,1
DA:76,1
DA:77,1
DA:78,1
DA:80,1
DA:83,3
DA:84,1
DA:86,1
DA:87,1
DA:88,1
DA:90,1
DA:93,6
DA:94,1
DA:96,1
DA:97,1
DA:98,1
DA:101,1
DA:102,1
DA:103,1
DA:105,1
DA:108,3
DA:109,1
DA:111,1
DA:112,1
DA:113,1
DA:115,1
DA:116,1
LF:63
LH:63
BRDA:66,0,0,5
BRDA:66,0,1,5
BRF:2
BRH:2
end_of_record
TN:
SF:E:\sourceJS\almundo\api_db\tests\fixtures\hotel.js
FN:18,extend
FN:26,(anonymous_1)
FN:27,(anonymous_2)
FN:27,(anonymous_3)
FN:28,(anonymous_4)
FN:28,(anonymous_5)
FN:29,(anonymous_6)
FN:29,(anonymous_7)
FNF:8
FNH:4
FNDA:2,extend
FNDA:3,(anonymous_1)
FNDA:0,(anonymous_2)
FNDA:0,(anonymous_3)
FNDA:0,(anonymous_4)
FNDA:0,(anonymous_5)
FNDA:11,(anonymous_6)
FNDA:33,(anonymous_7)
DA:3,1
DA:12,1
DA:19,2
DA:20,2
DA:23,1
DA:26,3
DA:27,0
DA:28,0
DA:29,33
LF:9
LH:7
BRF:0
BRH:0
end_of_record
